[2026-03-10 07:30:03 CET] ━━━━━━━━━━━━━━━━━━━━━━━━━━━━━━━━━━━━
[2026-03-10 07:30:03 CET] 🔄 Starting FibreGuard daily refresh
[2026-03-10 07:30:03 CET] ✅ Loaded env from .env
[2026-03-10 07:30:03 CET] 📥 Pulling latest from GitHub...
[2026-03-10 07:30:04 CET] 📡 Fetching TikTok data for US, FR, DE, IT, ES, NL, GB...
[2026-03-10 07:35:04 CET] ✅ Data fetch complete
[2026-03-10 07:35:04 CET] 📤 Committing and pushing to GitHub...
[2026-03-10 07:35:06 CET] ✅ Pushed — GitHub Pages will update in ~1 min
[2026-03-10 07:35:06 CET] 🌐 Dashboard: https://metavisin.github.io/FibreGuard-Dashboard/
[2026-03-10 07:35:06 CET] ━━━━━━━━━━━━━━━━━━━━━━━━━━━━━━━━━━━━
[2026-03-11 07:30:02 CET] ━━━━━━━━━━━━━━━━━━━━━━━━━━━━━━━━━━━━
[2026-03-11 07:30:02 CET] 🔄 Starting FibreGuard daily refresh
[2026-03-11 07:30:02 CET] ✅ Loaded env from .env
[2026-03-11 07:30:02 CET] 📥 Pulling latest from GitHub...
[2026-03-11 07:30:03 CET] 📡 Fetching TikTok data for US, FR, DE, IT, ES, NL, GB...
[2026-03-11 07:34:34 CET] ✅ Data fetch complete
[2026-03-11 07:34:34 CET] 📤 Committing and pushing to GitHub...
[2026-03-11 07:34:35 CET] ✅ Pushed — GitHub Pages will update in ~1 min
[2026-03-11 07:34:35 CET] 🌐 Dashboard: https://metavisin.github.io/FibreGuard-Dashboard/
[2026-03-11 07:34:35 CET] ━━━━━━━━━━━━━━━━━━━━━━━━━━━━━━━━━━━━
[2026-03-12 07:30:05 CET] ━━━━━━━━━━━━━━━━━━━━━━━━━━━━━━━━━━━━
[2026-03-12 07:30:05 CET] 🔄 Starting FibreGuard daily refresh
[2026-03-12 07:30:05 CET] ✅ Loaded env from .env
[2026-03-12 07:30:05 CET] 📥 Pulling latest from GitHub...
[2026-03-12 07:30:06 CET] 📡 Fetching TikTok data for US, FR, DE, IT, ES, NL, GB...
[2026-03-12 07:34:42 CET] ✅ Data fetch complete
[2026-03-12 07:34:42 CET] 📤 Committing and pushing to GitHub...
[2026-03-12 07:34:49 CET] ✅ Pushed — GitHub Pages will update in ~1 min
[2026-03-12 07:34:49 CET] 🌐 Dashboard: https://metavisin.github.io/FibreGuard-Dashboard/
[2026-03-12 07:34:49 CET] ━━━━━━━━━━━━━━━━━━━━━━━━━━━━━━━━━━━━
[2026-03-13 07:30:05 CET] ━━━━━━━━━━━━━━━━━━━━━━━━━━━━━━━━━━━━
[2026-03-13 07:30:05 CET] 🔄 Starting FibreGuard daily refresh
[2026-03-13 07:30:05 CET] ✅ Loaded env from .env
[2026-03-13 07:30:05 CET] 📥 Pulling latest from GitHub...
[2026-03-13 07:30:06 CET] 📡 Fetching TikTok data for US, FR, DE, IT, ES, NL, GB...
[2026-03-13 07:34:10 CET] ✅ Data fetch complete
[2026-03-13 07:34:10 CET] 📤 Committing and pushing to GitHub...
[2026-03-13 07:34:14 CET] ✅ Pushed — GitHub Pages will update in ~1 min
[2026-03-13 07:34:14 CET] 🌐 Dashboard: https://metavisin.github.io/FibreGuard-Dashboard/
[2026-03-13 07:34:14 CET] ━━━━━━━━━━━━━━━━━━━━━━━━━━━━━━━━━━━━
[2026-03-14 07:30:03 CET] ━━━━━━━━━━━━━━━━━━━━━━━━━━━━━━━━━━━━
[2026-03-14 07:30:03 CET] 🔄 Starting FibreGuard daily refresh
[2026-03-14 07:30:03 CET] ✅ Loaded env from .env
[2026-03-14 07:30:03 CET] 📥 Pulling latest from GitHub...
[2026-03-14 07:30:04 CET] 📡 Fetching TikTok data for US, FR, DE, IT, ES, NL, GB...
[2026-03-14 07:33:57 CET] ✅ Data fetch complete
[2026-03-14 07:33:57 CET] 📤 Committing and pushing to GitHub...
[2026-03-14 07:34:00 CET] ✅ Pushed — GitHub Pages will update in ~1 min
[2026-03-14 07:34:00 CET] 🌐 Dashboard: https://metavisin.github.io/FibreGuard-Dashboard/
[2026-03-14 07:34:00 CET] ━━━━━━━━━━━━━━━━━━━━━━━━━━━━━━━━━━━━
[2026-03-15 07:30:05 CET] ━━━━━━━━━━━━━━━━━━━━━━━━━━━━━━━━━━━━
[2026-03-15 07:30:05 CET] 🔄 Starting FibreGuard daily refresh
[2026-03-15 07:30:05 CET] ✅ Loaded env from .env
[2026-03-15 07:30:05 CET] 📥 Pulling latest from GitHub...
[2026-03-15 07:30:06 CET] 📡 Fetching TikTok data for US, FR, DE, IT, ES, NL, GB...
[2026-03-15 07:34:04 CET] ✅ Data fetch complete
[2026-03-15 07:34:04 CET] 📤 Committing and pushing to GitHub...
[2026-03-15 07:34:10 CET] ✅ Pushed — GitHub Pages will update in ~1 min
[2026-03-15 07:34:10 CET] 🌐 Dashboard: https://metavisin.github.io/FibreGuard-Dashboard/
[2026-03-15 07:34:10 CET] ━━━━━━━━━━━━━━━━━━━━━━━━━━━━━━━━━━━━
[2026-03-16 07:30:04 CET] ━━━━━━━━━━━━━━━━━━━━━━━━━━━━━━━━━━━━
[2026-03-16 07:30:04 CET] 🔄 Starting FibreGuard daily refresh
[2026-03-16 07:30:04 CET] ✅ Loaded env from .env
[2026-03-16 07:30:04 CET] 📥 Pulling latest from GitHub...
[2026-03-16 07:30:05 CET] 📡 Fetching TikTok data for US, FR, DE, IT, ES, NL, GB...
[2026-03-16 07:34:14 CET] ✅ Data fetch complete
[2026-03-16 07:34:14 CET] 📤 Committing and pushing to GitHub...
[2026-03-16 07:34:17 CET] ✅ Pushed — GitHub Pages will update in ~1 min
[2026-03-16 07:34:17 CET] 🌐 Dashboard: https://metavisin.github.io/FibreGuard-Dashboard/
[2026-03-16 07:34:17 CET] ━━━━━━━━━━━━━━━━━━━━━━━━━━━━━━━━━━━━
[2026-03-17 07:30:04 CET] ━━━━━━━━━━━━━━━━━━━━━━━━━━━━━━━━━━━━
[2026-03-17 07:30:04 CET] 🔄 Starting FibreGuard daily refresh
[2026-03-17 07:30:04 CET] ✅ Loaded env from .env
[2026-03-17 07:30:04 CET] 📥 Pulling latest from GitHub...
[2026-03-17 07:30:05 CET] 📡 Fetching TikTok data for US, FR, DE, IT, ES, NL, GB...
[2026-03-17 07:34:19 CET] ✅ Data fetch complete
[2026-03-17 07:34:19 CET] 📤 Committing and pushing to GitHub...
[2026-03-17 07:34:25 CET] ✅ Pushed — GitHub Pages will update in ~1 min
[2026-03-17 07:34:25 CET] 🌐 Dashboard: https://metavisin.github.io/FibreGuard-Dashboard/
[2026-03-17 07:34:25 CET] ━━━━━━━━━━━━━━━━━━━━━━━━━━━━━━━━━━━━
[2026-03-18 07:30:01 CET] ━━━━━━━━━━━━━━━━━━━━━━━━━━━━━━━━━━━━
[2026-03-18 07:30:01 CET] 🔄 Starting FibreGuard daily refresh
[2026-03-18 07:30:01 CET] ✅ Loaded env from .env
[2026-03-18 07:30:01 CET] 📥 Pulling latest from GitHub...
[2026-03-18 07:30:02 CET] 📡 Fetching TikTok data for US, FR, DE, IT, ES, NL, GB...
[2026-03-18 07:33:57 CET] ✅ Data fetch complete
[2026-03-18 07:33:57 CET] 📤 Committing and pushing to GitHub...
[2026-03-18 07:34:03 CET] ✅ Pushed — GitHub Pages will update in ~1 min
[2026-03-18 07:34:03 CET] 🌐 Dashboard: https://metavisin.github.io/FibreGuard-Dashboard/
[2026-03-18 07:34:03 CET] ━━━━━━━━━━━━━━━━━━━━━━━━━━━━━━━━━━━━
[2026-03-19 07:30:04 CET] ━━━━━━━━━━━━━━━━━━━━━━━━━━━━━━━━━━━━
[2026-03-19 07:30:04 CET] 🔄 Starting FibreGuard daily refresh
[2026-03-19 07:30:04 CET] ✅ Loaded env from .env
[2026-03-19 07:30:04 CET] 📥 Pulling latest from GitHub...
[2026-03-19 07:30:05 CET] 📡 Fetching TikTok data for US, FR, DE, IT, ES, NL, GB...
[2026-03-19 07:34:25 CET] ✅ Data fetch complete
[2026-03-19 07:34:25 CET] 📤 Committing and pushing to GitHub...
[2026-03-19 07:34:28 CET] ✅ Pushed — GitHub Pages will update in ~1 min
[2026-03-19 07:34:28 CET] 🌐 Dashboard: https://metavisin.github.io/FibreGuard-Dashboard/
[2026-03-19 07:34:28 CET] ━━━━━━━━━━━━━━━━━━━━━━━━━━━━━━━━━━━━
