[2026-03-09 19:38:26 CET] ━━━━━━━━━━━━━━━━━━━━━━━━━━━━━━━━━━━━
[2026-03-09 19:38:26 CET] 🔄 Starting FibreGuard daily refresh
[2026-03-09 19:38:26 CET] ✅ Loaded env from .env
[2026-03-09 19:38:26 CET] 📥 Pulling latest from GitHub...
[2026-03-09 19:38:27 CET] 📡 Fetching TikTok data for US, FR, DE, IT, ES, NL, GB...
📡 Fetching United States (US)...
  ✅ US: 100 hashtags
  ⏳ Waiting 3s to avoid rate limits...
📡 Fetching France (FR)...
  ✅ FR: 100 hashtags
  ⏳ Waiting 3s to avoid rate limits...
📡 Fetching Germany (DE)...
  ✅ DE: 100 hashtags
  ⏳ Waiting 3s to avoid rate limits...
📡 Fetching Italy (IT)...
  ✅ IT: 100 hashtags
  ⏳ Waiting 3s to avoid rate limits...
📡 Fetching Spain (ES)...
  ✅ ES: 100 hashtags
  ⏳ Waiting 3s to avoid rate limits...
📡 Fetching Netherlands (NL)...
  ✅ NL: 100 hashtags
  ⏳ Waiting 3s to avoid rate limits...
📡 Fetching United Kingdom (GB)...
  ✅ GB: 100 hashtags

✅ Saved 700 hashtags across 7 countries to fibreguard-v5-data.json
[2026-03-09 19:43:17 CET] ✅ Data fetch complete
[2026-03-09 19:43:17 CET] 📤 Committing and pushing to GitHub...
[main 828f455] data: daily refresh — 2026-03-09 19:43 CET
 Committer: Metavision_sandbox <metavision@Metavision-sandboxs-Mac-mini.local>
Your name and email address were configured automatically based
on your username and hostname. Please check that they are accurate.
You can suppress this message by setting them explicitly. Run the
following command and follow the instructions in your editor to edit
your configuration file:

    git config --global --edit

After doing this, you may fix the identity used for this commit with:

    git commit --amend --reset-author

 1 file changed, 4937 insertions(+), 5377 deletions(-)
To https://github.com/Metavisin/FibreGuard-Dashboard.git
   4ad341f..828f455  main -> main
[2026-03-09 19:43:19 CET] ✅ Pushed — GitHub Pages will update in ~1 min
[2026-03-09 19:43:19 CET] 🌐 Dashboard: https://metavisin.github.io/FibreGuard-Dashboard/
[2026-03-09 19:43:19 CET] ━━━━━━━━━━━━━━━━━━━━━━━━━━━━━━━━━━━━
